{"/home/snight/PhpstormProjects/SkillSwap/src/shared/hooks/useDebounce.ts": {"path":"/home/snight/PhpstormProjects/SkillSwap/src/shared/hooks/useDebounce.ts","all":false,"statementMap":{"0":{"start":{"line":1,"column":0},"end":{"line":1,"column":44}},"1":{"start":{"line":2,"column":0},"end":{"line":2,"column":0}},"2":{"start":{"line":3,"column":0},"end":{"line":3,"column":62}},"3":{"start":{"line":4,"column":0},"end":{"line":4,"column":59}},"4":{"start":{"line":5,"column":0},"end":{"line":5,"column":40}},"5":{"start":{"line":6,"column":0},"end":{"line":6,"column":21}},"6":{"start":{"line":7,"column":0},"end":{"line":7,"column":62}},"7":{"start":{"line":8,"column":0},"end":{"line":8,"column":0}},"8":{"start":{"line":9,"column":0},"end":{"line":9,"column":12}},"9":{"start":{"line":10,"column":0},"end":{"line":10,"column":11}},"10":{"start":{"line":11,"column":0},"end":{"line":11,"column":43}},"11":{"start":{"line":12,"column":0},"end":{"line":12,"column":38}},"12":{"start":{"line":13,"column":0},"end":{"line":13,"column":33}},"13":{"start":{"line":14,"column":0},"end":{"line":14,"column":16}},"14":{"start":{"line":15,"column":0},"end":{"line":15,"column":0}},"15":{"start":{"line":16,"column":0},"end":{"line":16,"column":49}},"16":{"start":{"line":17,"column":0},"end":{"line":17,"column":20}},"17":{"start":{"line":18,"column":0},"end":{"line":18,"column":28}},"18":{"start":{"line":19,"column":0},"end":{"line":19,"column":8}},"19":{"start":{"line":20,"column":0},"end":{"line":20,"column":6}},"20":{"start":{"line":21,"column":0},"end":{"line":21,"column":54}},"21":{"start":{"line":22,"column":0},"end":{"line":22,"column":4}},"22":{"start":{"line":23,"column":0},"end":{"line":23,"column":24}},"23":{"start":{"line":24,"column":0},"end":{"line":24,"column":2}}},"s":{"0":1,"1":1,"2":1,"3":1,"4":3,"5":3,"6":3,"7":3,"8":3,"9":3,"10":2,"11":2,"12":1,"13":2,"14":2,"15":2,"16":2,"17":2,"18":2,"19":3,"20":3,"21":3,"22":3,"23":3},"branchMap":{"0":{"type":"branch","line":4,"loc":{"start":{"line":4,"column":27},"end":{"line":24,"column":2}},"locations":[{"start":{"line":4,"column":27},"end":{"line":24,"column":2}}]},"1":{"type":"branch","line":10,"loc":{"start":{"line":10,"column":4},"end":{"line":20,"column":5}},"locations":[{"start":{"line":10,"column":4},"end":{"line":20,"column":5}}]},"2":{"type":"branch","line":12,"loc":{"start":{"line":12,"column":31},"end":{"line":14,"column":7}},"locations":[{"start":{"line":12,"column":31},"end":{"line":14,"column":7}}]},"3":{"type":"branch","line":17,"loc":{"start":{"line":17,"column":13},"end":{"line":19,"column":7}},"locations":[{"start":{"line":17,"column":13},"end":{"line":19,"column":7}}]}},"b":{"0":[3],"1":[2],"2":[1],"3":[2]},"fnMap":{"0":{"name":"useDebounce","decl":{"start":{"line":4,"column":27},"end":{"line":24,"column":2}},"loc":{"start":{"line":4,"column":27},"end":{"line":24,"column":2}},"line":4}},"f":{"0":3}}
}
